[    0.000000] Initializing cgroup subsys cpuset
[    0.000000] Initializing cgroup subsys cpu
[    0.000000] Initializing cgroup subsys cpuacct
[    0.000000] Linux version 4.4.0-97-generic (buildd@lcy01-33) (gcc version 5.4.0 20160609 (Ubuntu 5.4.0-6ubuntu1~16.04.4) ) #120-Ubuntu SMP Tue Sep 19 17:28:18 UTC 2017 (Ubuntu 4.4.0-97.120-generic 4.4.87)
[    0.000000] Command line: BOOT_IMAGE=/boot/vmlinuz-4.4.0-97-generic root=LABEL=cloudimg-rootfs ro console=tty1 console=ttyS0
[    0.000000] KERNEL supported cpus:
[    0.000000]   Intel GenuineIntel
[    0.000000]   AMD AuthenticAMD
[    0.000000]   Centaur CentaurHauls
[    0.000000] x86/fpu: xstate_offset[2]:  576, xstate_sizes[2]:  256
[    0.000000] x86/fpu: Supporting XSAVE feature 0x01: 'x87 floating point registers'
[    0.000000] x86/fpu: Supporting XSAVE feature 0x02: 'SSE registers'
[    0.000000] x86/fpu: Supporting XSAVE feature 0x04: 'AVX registers'
[    0.000000] x86/fpu: Enabled xstate features 0x7, context size is 832 bytes, using 'standard' format.
[    0.000000] x86/fpu: Using 'lazy' FPU context switches.
[    0.000000] e820: BIOS-provided physical RAM map:
[    0.000000] BIOS-e820: [mem 0x0000000000000000-0x000000000009fbff] usable
[    0.000000] BIOS-e820: [mem 0x000000000009fc00-0x000000000009ffff] reserved
[    0.000000] BIOS-e820: [mem 0x00000000000f0000-0x00000000000fffff] reserved
[    0.000000] BIOS-e820: [mem 0x0000000000100000-0x000000003ffeffff] usable
[    0.000000] BIOS-e820: [mem 0x000000003fff0000-0x000000003fffffff] ACPI data
[    0.000000] BIOS-e820: [mem 0x00000000fec00000-0x00000000fec00fff] reserved
[    0.000000] BIOS-e820: [mem 0x00000000fee00000-0x00000000fee00fff] reserved
[    0.000000] BIOS-e820: [mem 0x00000000fffc0000-0x00000000ffffffff] reserved
[    0.000000] NX (Execute Disable) protection: active
[    0.000000] SMBIOS 2.5 present.
[    0.000000] Hypervisor detected: KVM
[    0.000000] e820: last_pfn = 0x3fff0 max_arch_pfn = 0x400000000
[    0.000000] MTRR: Disabled
[    0.000000] x86/PAT: MTRRs disabled, skipping PAT initialization too.
[    0.000000] CPU MTRRs all blank - virtualized system.
[    0.000000] x86/PAT: Configuration [0-7]: WB  WT  UC- UC  WB  WT  UC- UC  
[    0.000000] found SMP MP-table at [mem 0x0009fff0-0x0009ffff] mapped at [ffff88000009fff0]
[    0.000000] Scanning 1 areas for low memory corruption
[    0.000000] RAMDISK: [mem 0x36adc000-0x37565fff]
[    0.000000] ACPI: Early table checksum verification disabled
[    0.000000] ACPI: RSDP 0x00000000000E0000 000024 (v02 VBOX  )
[    0.000000] ACPI: XSDT 0x000000003FFF0030 00003C (v01 VBOX   VBOXXSDT 00000001 ASL  00000061)
[    0.000000] ACPI: FACP 0x000000003FFF00F0 0000F4 (v04 VBOX   VBOXFACP 00000001 ASL  00000061)
[    0.000000] ACPI: DSDT 0x000000003FFF0470 0021FF (v02 VBOX   VBOXBIOS 00000002 INTL 20100528)
[    0.000000] ACPI: FACS 0x000000003FFF0200 000040
[    0.000000] ACPI: FACS 0x000000003FFF0200 000040
[    0.000000] ACPI: APIC 0x000000003FFF0240 00005C (v02 VBOX   VBOXAPIC 00000001 ASL  00000061)
[    0.000000] ACPI: SSDT 0x000000003FFF02A0 0001CC (v01 VBOX   VBOXCPUT 00000002 INTL 20100528)
[    0.000000] No NUMA configuration found
[    0.000000] Faking a node at [mem 0x0000000000000000-0x000000003ffeffff]
[    0.000000] NODE_DATA(0) allocated [mem 0x3ffeb000-0x3ffeffff]
[    0.000000] kvm-clock: Using msrs 4b564d01 and 4b564d00
[    0.000000] kvm-clock: cpu 0, msr 0:3ffe3001, primary cpu clock
[    0.000000] kvm-clock: using sched offset of 3980755301 cycles
[    0.000000] clocksource: kvm-clock: mask: 0xffffffffffffffff max_cycles: 0x1cd42e4dffb, max_idle_ns: 881590591483 ns
[    0.000000] Zone ranges:
[    0.000000]   DMA      [mem 0x0000000000001000-0x0000000000ffffff]
[    0.000000]   DMA32    [mem 0x0000000001000000-0x000000003ffeffff]
[    0.000000]   Normal   empty
[    0.000000]   Device   empty
[    0.000000] Movable zone start for each node
[    0.000000] Early memory node ranges
[    0.000000]   node   0: [mem 0x0000000000001000-0x000000000009efff]
[    0.000000]   node   0: [mem 0x0000000000100000-0x000000003ffeffff]
[    0.000000] Initmem setup node 0 [mem 0x0000000000001000-0x000000003ffeffff]
[    0.000000] ACPI: PM-Timer IO Port: 0x4008
[    0.000000] IOAPIC[0]: apic_id 2, version 32, address 0xfec00000, GSI 0-23
[    0.000000] ACPI: INT_SRC_OVR (bus 0 bus_irq 0 global_irq 2 dfl dfl)
[    0.000000] ACPI: INT_SRC_OVR (bus 0 bus_irq 9 global_irq 9 high level)
[    0.000000] Using ACPI (MADT) for SMP configuration information
[    0.000000] smpboot: Allowing 2 CPUs, 0 hotplug CPUs
[    0.000000] PM: Registered nosave memory: [mem 0x00000000-0x00000fff]
[    0.000000] PM: Registered nosave memory: [mem 0x0009f000-0x0009ffff]
[    0.000000] PM: Registered nosave memory: [mem 0x000a0000-0x000effff]
[    0.000000] PM: Registered nosave memory: [mem 0x000f0000-0x000fffff]
[    0.000000] e820: [mem 0x40000000-0xfebfffff] available for PCI devices
[    0.000000] Booting paravirtualized kernel on KVM
[    0.000000] clocksource: refined-jiffies: mask: 0xffffffff max_cycles: 0xffffffff, max_idle_ns: 7645519600211568 ns
[    0.000000] setup_percpu: NR_CPUS:512 nr_cpumask_bits:512 nr_cpu_ids:2 nr_node_ids:1
[    0.000000] PERCPU: Embedded 34 pages/cpu @ffff88003fc00000 s98328 r8192 d32744 u1048576
[    0.000000] PV qspinlock hash table entries: 256 (order: 0, 4096 bytes)
[    0.000000] Built 1 zonelists in Node order, mobility grouping on.  Total pages: 257913
[    0.000000] Policy zone: DMA32
[    0.000000] Kernel command line: BOOT_IMAGE=/boot/vmlinuz-4.4.0-97-generic root=LABEL=cloudimg-rootfs ro console=tty1 console=ttyS0
[    0.000000] PID hash table entries: 4096 (order: 3, 32768 bytes)
[    0.000000] Memory: 1001772K/1048120K available (8480K kernel code, 1294K rwdata, 3984K rodata, 1492K init, 1316K bss, 46348K reserved, 0K cma-reserved)
[    0.000000] SLUB: HWalign=64, Order=0-3, MinObjects=0, CPUs=2, Nodes=1
[    0.000000] Hierarchical RCU implementation.
[    0.000000] 	Build-time adjustment of leaf fanout to 64.
[    0.000000] 	RCU restricting CPUs from NR_CPUS=512 to nr_cpu_ids=2.
[    0.000000] RCU: Adjusting geometry for rcu_fanout_leaf=64, nr_cpu_ids=2
[    0.000000] NR_IRQS:33024 nr_irqs:440 16
[    0.000000] Console: colour VGA+ 80x25
[    0.000000] console [tty1] enabled
[    0.000000] console [ttyS0] enabled
[    0.000000] tsc: Detected 3099.998 MHz processor
[    2.505964] Calibrating delay loop (skipped) preset value.. 6199.99 BogoMIPS (lpj=12399992)
[    2.524310] pid_max: default: 32768 minimum: 301
[    2.536328] ACPI: Core revision 20150930
[    2.550494] ACPI: 2 ACPI AML tables successfully acquired and loaded
[    2.563125] Security Framework initialized
[    2.576060] Yama: becoming mindful.
[    2.579164] AppArmor: AppArmor initialized
[    2.587576] Dentry cache hash table entries: 131072 (order: 8, 1048576 bytes)
[    2.598387] Inode-cache hash table entries: 65536 (order: 7, 524288 bytes)
[    2.627709] Mount-cache hash table entries: 2048 (order: 2, 16384 bytes)
[    2.653888] Mountpoint-cache hash table entries: 2048 (order: 2, 16384 bytes)
[    2.677192] Initializing cgroup subsys io
[    2.682244] Initializing cgroup subsys memory
[    2.702068] Initializing cgroup subsys devices
[    2.754628] Initializing cgroup subsys freezer
[    2.822377] Initializing cgroup subsys net_cls
[    2.837827] Initializing cgroup subsys perf_event
[    2.857893] Initializing cgroup subsys net_prio
[    2.872791] Initializing cgroup subsys hugetlb
[    2.924500] Initializing cgroup subsys pids
[    2.953145] CPU: Physical Processor ID: 0
[    2.972336] CPU: Processor Core ID: 0
[    2.978344] mce: CPU supports 0 MCE banks
[    2.983215] Last level iTLB entries: 4KB 64, 2MB 8, 4MB 8
[    3.010895] Last level dTLB entries: 4KB 64, 2MB 0, 4MB 0, 1GB 4
[    3.021873] Freeing SMP alternatives memory: 32K
[    3.031190] ftrace: allocating 32148 entries in 126 pages
[    3.100873] smpboot: APIC(0) Converting physical 0 to logical package 0
[    3.114552] smpboot: Max logical packages: 1
[    3.128116] x2apic enabled
[    3.136307] Switched APIC routing to physical x2apic.
[    3.170327] ..TIMER: vector=0x30 apic1=0 pin1=2 apic2=-1 pin2=-1
[    3.279962] smpboot: CPU0: Intel(R) Core(TM) i7-5557U CPU @ 3.10GHz (family: 0x6, model: 0x3d, stepping: 0x4)
[    3.301098] Performance Events: unsupported p6 CPU model 61 no PMU driver, software events only.
[    3.303024] KVM setup paravirtual spinlock
[    3.304590] x86: Booting SMP configuration:
[    3.321641] .... node  #0, CPUs:      #1
[    3.322685] kvm-clock: cpu 1, msr 0:3ffe3041, secondary cpu clock
[    3.330657] mce: CPU supports 0 MCE banks
[    3.343116] x86: Booted up 1 node, 2 CPUs
[    3.353936] smpboot: Total of 2 processors activated (12399.99 BogoMIPS)
[    3.403370] devtmpfs: initialized
[    3.422383] evm: security.selinux
[    3.436474] evm: security.SMACK64
[    3.447581] evm: security.SMACK64EXEC
[    3.473175] evm: security.SMACK64TRANSMUTE
[    3.486462] evm: security.SMACK64MMAP
[    3.498091] evm: security.ima
[    3.501417] evm: security.capability
[    3.504975] clocksource: jiffies: mask: 0xffffffff max_cycles: 0xffffffff, max_idle_ns: 7645041785100000 ns
[    3.536107] futex hash table entries: 512 (order: 3, 32768 bytes)
[    3.553874] pinctrl core: initialized pinctrl subsystem
[    3.559334] RTC time: 23:44:10, date: 02/03/18
[    3.572840] NET: Registered protocol family 16
[    3.599001] cpuidle: using governor ladder
[    3.627441] cpuidle: using governor menu
[    3.634434] PCCT header not found.
[    3.659796] ACPI: bus type PCI registered
[    3.666408] acpiphp: ACPI Hot Plug PCI Controller Driver version: 0.5
[    3.682826] PCI: Using configuration type 1 for base access
[    3.713068] ACPI: Added _OSI(Module Device)
[    3.733817] ACPI: Added _OSI(Processor Device)
[    3.740348] ACPI: Added _OSI(3.0 _SCP Extensions)
[    3.756016] ACPI: Added _OSI(Processor Aggregator Device)
[    3.837780] ACPI: Executed 1 blocks of module-level executable AML code
[    3.861109] ACPI: Interpreter enabled
[    3.869187] ACPI: (supports S0 S5)
[    3.878383] ACPI: Using IOAPIC for interrupt routing
[    3.881580] PCI: Using host bridge windows from ACPI; if necessary, use "pci=nocrs" and report a bug
[    3.908013] ACPI: PCI Root Bridge [PCI0] (domain 0000 [bus 00-ff])
[    3.940955] acpi PNP0A03:00: _OSC: OS supports [ASPM ClockPM Segments MSI]
[    3.958291] acpi PNP0A03:00: _OSC: not requesting OS control; OS requires [ExtendedConfig ASPM ClockPM MSI]
[    3.965173] acpi PNP0A03:00: fail to add MMCONFIG information, can't access extended PCI configuration space under this bridge.
[    3.994420] PCI host bridge to bus 0000:00
[    4.011310] pci_bus 0000:00: root bus resource [io  0x0000-0x0cf7 window]
[    4.032578] pci_bus 0000:00: root bus resource [io  0x0d00-0xffff window]
[    4.049486] pci_bus 0000:00: root bus resource [mem 0x000a0000-0x000bffff window]
[    4.066194] pci_bus 0000:00: root bus resource [mem 0x40000000-0xffdfffff window]
[    4.071022] pci_bus 0000:00: root bus resource [bus 00-ff]
[    4.079150] pci 0000:00:01.1: legacy IDE quirk: reg 0x10: [io  0x01f0-0x01f7]
[    4.111545] pci 0000:00:01.1: legacy IDE quirk: reg 0x14: [io  0x03f6]
[    4.114932] pci 0000:00:01.1: legacy IDE quirk: reg 0x18: [io  0x0170-0x0177]
[    4.139904] pci 0000:00:01.1: legacy IDE quirk: reg 0x1c: [io  0x0376]
[    4.174609] pci 0000:00:07.0: quirk: [io  0x4000-0x403f] claimed by PIIX4 ACPI
[    4.212074] pci 0000:00:07.0: quirk: [io  0x4100-0x410f] claimed by PIIX4 SMB
[    4.235747] ACPI: PCI Interrupt Link [LNKA] (IRQs 5 9 10 *11)
[    4.256469] ACPI: PCI Interrupt Link [LNKB] (IRQs 5 9 10 *11)
[    4.275073] ACPI: PCI Interrupt Link [LNKC] (IRQs 5 9 *10 11)
[    4.289643] ACPI: PCI Interrupt Link [LNKD] (IRQs 5 *9 10 11)
[    4.306738] ACPI: Enabled 2 GPEs in block 00 to 07
[    4.312639] vgaarb: setting as boot device: PCI:0000:00:02.0
[    4.328244] vgaarb: device added: PCI:0000:00:02.0,decodes=io+mem,owns=io+mem,locks=none
[    4.370129] vgaarb: loaded
[    4.371596] vgaarb: bridge control possible 0000:00:02.0
[    4.394249] SCSI subsystem initialized
[    4.404487] ACPI: bus type USB registered
[    4.405746] usbcore: registered new interface driver usbfs
[    4.407246] usbcore: registered new interface driver hub
[    4.410346] usbcore: registered new device driver usb
[    4.412754] PCI: Using ACPI for IRQ routing
[    4.415284] NetLabel: Initializing
[    4.420354] NetLabel:  domain hash size = 128
[    4.441449] NetLabel:  protocols = UNLABELED CIPSOv4
[    4.442801] NetLabel:  unlabeled traffic allowed by default
[    4.451947] amd_nb: Cannot enumerate AMD northbridges
[    4.454993] clocksource: Switched to clocksource kvm-clock
[    4.479423] AppArmor: AppArmor Filesystem Enabled
[    4.484017] pnp: PnP ACPI init
[    4.498805] pnp: PnP ACPI: found 3 devices
[    4.517641] clocksource: acpi_pm: mask: 0xffffff max_cycles: 0xffffff, max_idle_ns: 2085701024 ns
[    4.539567] NET: Registered protocol family 2
[    4.550001] TCP established hash table entries: 8192 (order: 4, 65536 bytes)
[    4.571116] TCP bind hash table entries: 8192 (order: 5, 131072 bytes)
[    4.572793] TCP: Hash tables configured (established 8192 bind 8192)
[    4.649256] UDP hash table entries: 512 (order: 2, 16384 bytes)
[    4.650973] UDP-Lite hash table entries: 512 (order: 2, 16384 bytes)
[    4.681184] NET: Registered protocol family 1
[    4.703639] pci 0000:00:00.0: Limiting direct PCI/PCI transfers
[    4.737244] pci 0000:00:01.0: Activating ISA DMA hang workarounds
[    4.754248] Unpacking initramfs...
[    7.349000] Freeing initrd memory: 10792K
[    7.350244] RAPL PMU detected, API unit is 2^-32 Joules, 4 fixed counters 10737418240 ms ovfl timer
[    7.358690] hw unit of domain pp0-core 2^-0 Joules
[    7.378614] hw unit of domain package 2^-0 Joules
[    7.380095] hw unit of domain dram 2^-0 Joules
[    7.381069] hw unit of domain pp1-gpu 2^-0 Joules
[    7.386238] platform rtc_cmos: registered platform RTC device (no PNP device found)
[    7.389853] Scanning for low memory corruption every 60 seconds
[    7.393982] audit: initializing netlink subsys (disabled)
[    7.398522] audit: type=2000 audit(1517701456.162:1): initialized
[    7.416854] Initialise system trusted keyring
[    7.423470] HugeTLB registered 2 MB page size, pre-allocated 0 pages
[    7.430616] zbud: loaded
[    7.447225] VFS: Disk quotas dquot_6.6.0
[    7.451579] VFS: Dquot-cache hash table entries: 512 (order 0, 4096 bytes)
[    7.457238] squashfs: version 4.0 (2009/01/31) Phillip Lougher
[    7.472761] fuse init (API version 7.23)
[    7.493910] Key type big_key registered
[    7.505044] Allocating IMA MOK and blacklist keyrings.
[    7.524126] Key type asymmetric registered
[    7.548834] Asymmetric key parser 'x509' registered
[    7.567074] Block layer SCSI generic (bsg) driver version 0.4 loaded (major 249)
[    7.596430] io scheduler noop registered
[    7.611463] io scheduler deadline registered (default)
[    7.621172] io scheduler cfq registered
[    7.637262] pci_hotplug: PCI Hot Plug PCI Core version: 0.5
[    7.662640] pciehp: PCI Express Hot Plug Controller Driver version: 0.4
[    7.685779] ACPI: AC Adapter [AC] (on-line)
[    7.688631] input: Power Button as /devices/LNXSYSTM:00/LNXPWRBN:00/input/input0
[    7.716151] ACPI: Power Button [PWRF]
[    7.720799] input: Sleep Button as /devices/LNXSYSTM:00/LNXSLPBN:00/input/input1
[    7.726579] ACPI: Sleep Button [SLPF]
[    7.752820] ACPI: Battery Slot [BAT0] (battery present)
[    7.760294] GHES: HEST is not enabled!
[    7.781352] Serial: 8250/16550 driver, 32 ports, IRQ sharing enabled
[    7.814362] 00:02: ttyS0 at I/O 0x3f8 (irq = 4, base_baud = 115200) is a 16550A
[    7.825790] Linux agpgart interface v0.103
[    7.845486] loop: module loaded
[    7.882190] scsi host0: ata_piix
[    7.885417] scsi host1: ata_piix
[    7.934318] ata1: PATA max UDMA/33 cmd 0x1f0 ctl 0x3f6 bmdma 0xd000 irq 14
[    7.988027] ata2: PATA max UDMA/33 cmd 0x170 ctl 0x376 bmdma 0xd008 irq 15
[    7.999416] libphy: Fixed MDIO Bus: probed
[    8.037681] tun: Universal TUN/TAP device driver, 1.6
[    8.079586] tun: (C) 1999-2004 Max Krasnyansky <maxk@qualcomm.com>
[    8.133324] PPP generic driver version 2.4.2
[    8.164312] ehci_hcd: USB 2.0 'Enhanced' Host Controller (EHCI) Driver
[    8.207814] ehci-pci: EHCI PCI platform driver
[    8.265868] ehci-platform: EHCI generic platform driver
[    8.312731] ohci_hcd: USB 1.1 'Open' Host Controller (OHCI) Driver
[    8.361160] ohci-pci: OHCI PCI platform driver
[    8.385667] tsc: Refined TSC clocksource calibration: 3100.732 MHz
[    8.385669] clocksource: tsc: mask: 0xffffffffffffffff max_cycles: 0x2cb1fac632c, max_idle_ns: 440795215320 ns
[    8.572372] ohci-platform: OHCI generic platform driver
[    8.655304] uhci_hcd: USB Universal Host Controller Interface driver
[    8.814216] i8042: PNP: PS/2 Controller [PNP0303:PS2K,PNP0f03:PS2M] at 0x60,0x64 irq 1,12
[    8.921471] serio: i8042 KBD port at 0x60,0x64 irq 1
[    8.937907] serio: i8042 AUX port at 0x60,0x64 irq 12
[    8.960805] mousedev: PS/2 mouse device common for all mice
[    8.964548] input: AT Translated Set 2 keyboard as /devices/platform/i8042/serio0/input/input2
[    8.970067] rtc_cmos rtc_cmos: rtc core: registered rtc_cmos as rtc0
[    9.020305] rtc_cmos rtc_cmos: alarms up to one day, 114 bytes nvram
[    9.034940] i2c /dev entries driver
[    9.038151] device-mapper: uevent: version 1.0.3
[    9.066995] device-mapper: ioctl: 4.34.0-ioctl (2015-10-28) initialised: dm-devel@redhat.com
[    9.098038] ledtrig-cpu: registered to indicate activity on CPUs
[    9.129057] NET: Registered protocol family 10
[    9.130920] NET: Registered protocol family 17
[    9.142310] Key type dns_resolver registered
[    9.158657] microcode: CPU0 sig=0x306d4, pf=0x40, revision=0x0
[    9.199091] microcode: CPU1 sig=0x306d4, pf=0x40, revision=0x0
[    9.235516] microcode: Microcode Update Driver: v2.01 <tigran@aivazian.fsnet.co.uk>, Peter Oruba
[    9.249254] registered taskstats version 1
[    9.250531] Loading compiled-in X.509 certificates
[    9.268376] Loaded X.509 cert 'Build time autogenerated kernel key: d1010f9627fd9242df4b03365d2931dfd1ad3d42'
[    9.293409] zswap: loaded using pool lzo/zbud
[    9.299095] Key type trusted registered
[    9.308999] Key type encrypted registered
[    9.311158] AppArmor: AppArmor sha1 policy hashing enabled
[    9.322057] ima: No TPM chip found, activating TPM-bypass!
[    9.330522] evm: HMAC attrs: 0x1
[    9.337755]   Magic number: 6:325:756
[    9.339007] tty ttyS7: hash matches
[    9.340238] rtc_cmos rtc_cmos: setting system clock to 2018-02-03 23:44:16 UTC (1517701456)
[    9.342940] BIOS EDD facility v0.16 2004-Jun-25, 0 devices found
[    9.347278] EDD information not available.
[    9.360992] Freeing unused kernel memory: 1492K
[    9.376658] Write protecting the kernel read-only data: 14336k
[    9.382955] Freeing unused kernel memory: 1748K
[    9.384805] Freeing unused kernel memory: 112K
Loading, please wait...
starting version[    9.424434] random: systemd-udevd: uninitialized urandom read (16 bytes read, 5 bits of entropy available)
 229
[    9.425086] random: udevadm: uninitialized urandom read (16 bytes read, 5 bits of entropy available)
[    9.425108] random: udevadm: uninitialized urandom read (16 bytes read, 5 bits of entropy available)
[    9.434700] random: udevadm: uninitialized urandom read (16 bytes read, 5 bits of entropy available)
[    9.434743] random: udevadm: uninitialized urandom read (16 bytes read, 5 bits of entropy available)
[    9.434875] random: udevadm: uninitialized urandom read (16 bytes read, 5 bits of entropy available)
[    9.434925] random: udevadm: uninitialized urandom read (16 bytes read, 5 bits of entropy available)
[    9.434973] random: udevadm: uninitialized urandom read (16 bytes read, 5 bits of entropy available)
[    9.435020] random: udevadm: uninitialized urandom read (16 bytes read, 5 bits of entropy available)
[    9.435111] random: udevadm: uninitialized urandom read (16 bytes read, 5 bits of entropy available)
[    9.727936] e1000: Intel(R) PRO/1000 Network Driver - version 7.3.21-k8-NAPI
[    9.731827] e1000: Copyright (c) 1999-2006 Intel Corporation.
[    9.739115] Fusion MPT base driver 3.04.20
[    9.754639] Copyright (c) 1999-2008 LSI Corporation
[    9.786031] AVX version of gcm_enc/dec engaged.
[    9.807851] AES CTR mode by8 optimization enabled
[    9.857613] Fusion MPT SPI Host driver 3.04.20
[    9.972743] input: ImExPS/2 Generic Explorer Mouse as /devices/platform/i8042/serio1/input/input4
[   10.226987] e1000 0000:00:03.0 eth0: (PCI:33MHz:32-bit) 02:51:17:41:23:cb
[   10.262777] e1000 0000:00:03.0 eth0: Intel(R) PRO/1000 Network Connection
[   10.290774] e1000 0000:00:03.0 enp0s3: renamed from eth0
[   10.290929] mptbase: ioc0: Initiating bringup
[   10.384148] ioc0: LSI53C1030 A0: Capabilities={Initiator}
[   10.560204] scsi host2: ioc0: LSI53C1030 A0, FwRev=00000000h, Ports=1, MaxQ=256, IRQ=20
[   10.747131] scsi 2:0:0:0: Direct-Access     VBOX     HARDDISK         1.0  PQ: 0 ANSI: 5
[   10.795754] scsi target2:0:0: Beginning Domain Validation
[   10.844956] scsi target2:0:0: Domain Validation skipping write tests
[   10.852106] scsi target2:0:0: Ending Domain Validation
[   10.872076] scsi target2:0:0: asynchronous
[   10.884852] scsi 2:0:1:0: Direct-Access     VBOX     HARDDISK         1.0  PQ: 0 ANSI: 5
[   10.956623] scsi target2:0:1: Beginning Domain Validation
[   10.974895] scsi target2:0:1: Domain Validation skipping write tests
[   11.005873] scsi target2:0:1: Ending Domain Validation
[   11.008273] scsi target2:0:1: asynchronous
[   11.025588] sd 2:0:0:0: [sda] 20971520 512-byte logical blocks: (10.7 GB/10.0 GiB)
[   11.032909] sd 2:0:0:0: Attached scsi generic sg0 type 0
[   11.036764] sd 2:0:0:0: [sda] Write Protect is off
[   11.037232] sd 2:0:1:0: Attached scsi generic sg1 type 0
[   11.037437] sd 2:0:1:0: [sdb] 20480 512-byte logical blocks: (10.5 MB/10.0 MiB)
[   11.037607] sd 2:0:1:0: [sdb] Write Protect is off
[   11.037701] sd 2:0:1:0: [sdb] Incomplete mode parameter data
[   11.037701] sd 2:0:1:0: [sdb] Assuming drive cache: write through
[   11.040621] sd 2:0:1:0: [sdb] Attached SCSI disk
[   11.142792] sd 2:0:0:0: [sda] Incomplete mode parameter data
[   11.168747] sd 2:0:0:0: [sda] Assuming drive cache: write through
[   11.193941]  sda: sda1
[   11.200021] sd 2:0:0:0: [sda] Attached SCSI disk
[   12.747199] floppy0: no floppy controllers found
Begin: Loading e[   14.074413] md: linear personality registered for level -1
ssential drivers ... [   14.080108] md: multipath personality registered for level -4
[   14.165183] md: raid0 personality registered for level 0
[   14.200396] md: raid1 personality registered for level 1
[   14.343536] raid6: sse2x1   gen()  9503 MB/s
[   14.427126] raid6: sse2x1   xor()  6515 MB/s
[   14.555483] raid6: sse2x2   gen()  9751 MB/s
[   14.703546] raid6: sse2x2   xor()  6923 MB/s
[   14.791578] raid6: sse2x4   gen() 13081 MB/s
[   14.883547] raid6: sse2x4   xor()  9310 MB/s
[   14.892164] raid6: using algorithm sse2x4 gen() 13081 MB/s
[   14.921603] raid6: .... xor() 9310 MB/s, rmw enabled
[   14.960090] raid6: using ssse3x2 recovery algorithm
[   14.988694] xor: automatically using best checksumming function:
[   15.059050]    avx       : 22238.000 MB/sec
[   15.091871] async_tx: api initialized (async)
[   15.120401] md: raid6 personality registered for level 6
[   15.142810] md: raid5 personality registered for level 5
[   15.148293] md: raid4 personality registered for level 4
[   15.173840] md: raid10 personality registered for level 10
done.
Begin: Running /scripts/init-premount ... done.
Begin: Mounting root file system ... Begin: Running /scripts/local-top ... done.
Begin: Running /scripts/local-premount ... [   15.217279] Btrfs loaded
Scanning for Btrfs filesystems
done.
Warning: fsck no[   15.267472] EXT4-fs (sda1): mounted filesystem with ordered data mode. Opts: (null)
t present, so skipping root file system
done.
Begin: Running /scripts/local-bottom ... done.
Begin: Running /scripts/init-bottom ... done.
[   15.383269] systemd[1]: systemd 229 running in system mode. (+PAM +AUDIT +SELINUX +IMA +APPARMOR +SMACK +SYSVINIT +UTMP +LIBCRYPTSETUP +GCRYPT +GNUTLS +ACL +XZ -LZ4 +SECCOMP +BLKID +ELFUTILS +KMOD -IDN)
[   15.477352] systemd[1]: Detected virtualization oracle.
[   15.508955] systemd[1]: Detected architecture x86-64.

Welcome to [1mUbuntu 16.04.3 LTS[0m!

[   15.532409] systemd[1]: Set hostname to <ubuntu-xenial>.
[   15.825694] systemd[1]: Reached target Encrypted Volumes.
[[0;32m  OK  [0m] Reached target Encrypted Volumes.
[   15.879506] systemd[1]: Listening on Syslog Socket.
[[0;32m  OK  [0m] Listening on Syslog Socket.
[   15.922605] systemd[1]: Created slice User and Session Slice.
[[0;32m  OK  [0m] Created slice User and Session Slice.
[   15.979806] systemd[1]: Created slice System Slice.
[[0;32m  OK  [0m] Created slice System Slice.
[   16.031740] systemd[1]: Started Forward Password Requests to Wall Directory Watch.
[[0;32m  OK  [0m] Started Forward Password Requests to Wall Directory Watch.
[   16.099443] systemd[1]: Listening on LVM2 poll daemon socket.
[[0;32m  OK  [0m] Listening on LVM2 poll daemon socket.
[   16.127712] systemd[1]: Listening on Journal Audit Socket.
[[0;32m  OK  [0m] Listening on Journal Audit Socket.
[   16.158173] systemd[1]: Listening on Journal Socket (/dev/log).
[[0;32m  OK  [0m] Listening on Journal Socket (/dev/log).
[   16.179713] systemd[1]: Listening on Device-mapper event daemon FIFOs.
[[0;32m  OK  [0m] Listening on Device-mapper event daemon FIFOs.
[   16.229126] systemd[1]: Listening on udev Kernel Socket.
[[0;32m  OK  [0m] Listening on udev Kernel Socket.
[   16.275589] systemd[1]: Started Trigger resolvconf update for networkd DNS.
[[0;32m  OK  [0m] Started Trigger resolvconf update for networkd DNS.
[   16.307414] systemd[1]: Reached target User and Group Name Lookups.
[[0;32m  OK  [0m] Reached target User and Group Name Lookups.
[   16.352355] systemd[1]: Set up automount Arbitrary Executable File Formats File System Automount Point.
[[0;32m  OK  [0m] Set up automount Arbitrary Executab...ats File System Automount Point.
[   16.407314] systemd[1]: Listening on udev Control Socket.
[[0;32m  OK  [0m] Listening on udev Control Socket.
[   16.452115] systemd[1]: Listening on LVM2 metadata daemon socket.
[[0;32m  OK  [0m] Listening on LVM2 metadata daemon socket.
[   16.563795] systemd[1]: Created slice system-serial\x2dgetty.slice.
[[0;32m  OK  [0m] Created slice system-serial\x2dgetty.slice.
[   16.614957] systemd[1]: Listening on /dev/initctl Compatibility Named Pipe.
[[0;32m  OK  [0m] Listening on /dev/initctl Compatibility Named Pipe.
[   16.699934] systemd[1]: Listening on Journal Socket.
[[0;32m  OK  [0m] Listening on Journal Socket.
[   16.775674] systemd[1]: Mounting Huge Pages File System...
         Mounting Huge Pages File System...
[   16.799974] systemd[1]: Starting Set console keymap...
         Starting Set console keymap...
[   16.883037] systemd[1]: Starting Journal Service...
         Starting Journal Service...
[   16.979748] systemd[1]: Mounting Debug File System...
         Mounting Debug File System...
[   17.009870] random: nonblocking pool is initialized
[   17.021028] systemd[1]: Starting Load Kernel Modules...
         Startin[   17.035312] Loading iSCSI transport class v2.0-870.
g Load Kernel Modules...
[   17.092792] iscsi: registered transport (tcp)
[   17.156145] systemd[1]: Starting Nameserver information manager...
         Starting Nameserver information [   17.197730] iscsi: registered transport (iser)
manager...
[   17.220143] systemd[1]: Starting Uncomplicated firewall...
         Starting Uncomplicated firewall...
[   17.275432] systemd[1]: Starting Monitoring of LVM2 mirrors, snapshots etc. using dmeventd or progress polling...
         Starting Monitoring of LVM2 mirrors... dmeventd or progress polling...
[   17.375623] systemd[1]: Starting Remount Root and Kernel File Systems...
[   17.379964] EXT4-fs (sda1): re-mounted. Opts: (null)
         Starting Remount Root and Kernel File Systems...
[   17.467492] systemd[1]: Starting Create list of required static device nodes for the current kernel...
         Starting Create list of required st... nodes for the current kernel...
[   17.564526] systemd[1]: Reached target Slices.
[[0;32m  OK  [0m] Reached target Slices.
[   17.623423] systemd[1]: Reached target Swap.
[[0;32m  OK  [0m] Reached target Swap.
[   17.675270] systemd[1]: Mounting POSIX Message Queue File System...
         Mounting POSIX Message Queue File System...
[   17.713710] systemd[1]: Mounted POSIX Message Queue File System.
[[0;32m  OK  [0m] Mounted POSIX Message Queue File System.
[   17.751653] systemd[1]: Mounted Huge Pages File System.
[[0;32m  OK  [0m] Mounted Huge Pages File System.
[   17.831460] systemd[1]: Mounted Debug File System.
[[0;32m  OK  [0m] Mounted Debug File System.
[   17.880068] systemd[1]: Started Journal Service.
[[0;32m  OK  [0m] Started Journal Service.
[[0;32m  OK  [0m] Started Set console keymap.
[[0;32m  OK  [0m] Started Load Kernel Modules.
[[0;32m  OK  [0m] Started Uncomplicated firewall.
[[0;32m  OK  [0m] Started Remount Root and Kernel File Systems.
[[0;32m  OK  [0m] Started Create list of required sta...ce nodes for the current kernel.
[[0;32m  OK  [0m] Started Nameserver information manager.
[[0;32m  OK  [0m] Started LVM2 metadata daemon.
         Starting Create Static Device Nodes in /dev...
         Starting Load/Save Random Seed...
         Starting Initial cloud-init job (pre-networking)...
         Starting udev Coldplug all Devices...
         Mounting FUSE Control File System...
         Starting Apply Kernel Variables...
         Starting Flush Journal to Persistent Storage...
[[0;32m  OK  [0m] Mounted FUSE Control File System.
[[0;32m  OK  [0m] Started Create Static Device Nodes in /dev.
[[0;32m  OK  [0m] Started Load/Save Random Seed.
[[0;32m  OK  [0m] Started Apply Kernel Variables.
[[0;32m  OK  [0m] Started udev Coldplug all Devices.
[[0;32m  OK  [0m] Started Flush Journal to Persistent Storage.
         Starting udev Kernel Device Manager...
[[0;32m  OK  [0m] Started udev Kernel Device Manager.
[[0;32m  OK  [0m] Started Monitoring of LVM2 mirrors,...ng dmeventd or progress polling.
[[0;32m  OK  [0m] Reached target Local File Systems (Pre).
[[0;32m  OK  [0m] Reached target Local File Systems.
         Starting Tell Plymouth To Write Out Runtime Data...
         Starting Set console font and keymap...
         Starting LSB: AppArmor initialization...
         Starting Create Volatile Files and Directories...
[[0;32m  OK  [0m] Started Dispatch Password Requests to Console Directory Watch.
[[0;32m  OK  [0m] Started Tell Plymouth To Write Out Runtime Data.
[[0;32m  OK  [0m] Started Create Volatile Files and Directories.
[   15.904091] cloud-init[462]: Cloud-init v. 0.7.9 running 'init-local' at Sat, 03 Feb 2018 23:44:26 +0000. Up 15.37 seconds.
[[0;32m  OK  [0m] Started Initial cloud-init job (pre-networking).
[[0;32m  OK  [0m] Found device /dev/ttyS0.
[[0;32m  OK  [0m] Started Set console font and keymap.
[[0;32m  OK  [0m] Started LSB: AppArmor initialization.
[[0;32m  OK  [0m] Listening on Load/Save RF Kill Switch Status /dev/rfkill Watch.
[[0;32m  OK  [0m] Created slice system-getty.slice.
[[0;32m  OK  [0m] Reached target Network (Pre).
[[0;32m  OK  [0m] Started ifup for enp0s3.
         Starting Raise network interfaces...
         Starting Update UTMP about System Boot/Shutdown...
[[0;32m  OK  [0m] Reached target System Time Synchronized.
[[0;32m  OK  [0m] Started Update UTMP about System Boot/Shutdown.
[[0;32m  OK  [0m] Started Raise network interfaces.
         Starting Initial cloud-init job (metadata service crawler)...
[[0;32m  OK  [0m] Reached target Network.
[   18.906138] cloud-init[975]: Cloud-init v. 0.7.9 running 'init' at Sat, 03 Feb 2018 23:44:29 +0000. Up 18.50 seconds.
[   18.964428] [cloud-init[0;32m  OK  [0m[975]: ] ci-info: +++++++++++++++++++++++++++++++++++++Net device info++++++++++++++++++++++++++++++++++++++Started Initial cloud-init job (metadata service crawler).

[   18.964952] cloud-init[975]: ci-info: +--------+------+----------------------------+---------------+-------+-------------------+[[0;32m  OK  [0m] Reached target Cloud-config availability.
[[0;32m  OK  [0m] Reached target Network is Online.

[   19.036346]          cloud-initStarting iSCSI initiator daemon (iscsid)...[975]: 
ci-info: | Device |  Up  |          Address           |      Mask     | Scope |     Hw-Address    |
[   19.057070] [cloud-init[0;32m  OK  [0m[975]: ] ci-info: +--------+------+----------------------------+---------------+-------+-------------------+Reached target System Initialization.

[   19.057884]          cloud-initStarting LXD - unix socket.[975]: 
ci-info: |   lo   | True |         127.0.0.1          |   255.0.0.0   |   .   |         .         |
[   19.152189] [[0;32m  OK  [0m] Listening on ACPID Listen Socket.
cloud-init[975]: ci-info: |   lo   | True |          ::1/128           |       .       |  host |         .         |
[[0;32m  OK  [0m] Started Timer to automatically fetch and run repair assertions.
[[0;32m  OK  [0m] Started Daily Cleanup of Temporary Directories.
[   19.166085] cloud-init[975]: ci-info: | enp0s3 | True |         10.0.2.15          | 255.255.255.0 |   .   | 02:51:17:41:23:cb |
[   19.199655] cloud-init[975]: ci-info: | enp0s3 | True | fe80::51:17ff:fe41:23cb/64 |       .       |  link | 02:51:17:41:23:cb |[[0;32m  OK  [0m] Started Daily apt download activities.

[[0;32m  OK  [0m] Listening on D-Bus System Message Bus Socket.
[   19.237924] [[0;32m  OK  [0m] Started Daily apt upgrade and clean activities.
         Starting Socket activation for snappy daemon.
cloud-init[975]: ci-info: +--------+------+----------------------------+---------------+-------+-------------------+
[[0;32m  OK  [0m] Started Timer to automatically refresh installed snaps.
[[0;32m  OK  [0m] Reached target Timers.
[   19.296490] [cloud-init[0;32m  OK  [0m[975]: ] ci-info: +++++++++++++++++++++++++++Route IPv4 info++++++++++++++++++++++++++++Started ACPI Events Check.

[[0;32m  OK  [0m] Reached target Paths.
[[0;32m  OK  [0m] Listening on UUID daemon activation socket.
[   19.297074] cloud-init[975]: ci-info: +-------+-------------+----------+---------------+-----------+-------+
[   19.308565] cloud-init[975]: ci-info: | Route | Destination | Gateway  |    Genmask    | Interface | Flags |
[   19.315018] cloud-init[975]: ci-info: +-------+-------------+----------+---------------+-----------+-------+
[   19.337790] cloud-init[975]: ci-info: |   0   |   0.0.0.0   | 10.0.2.2 |    0.0.0.0    |   enp0s3  |   UG  |
[[0;32m  OK  [0m] Listening on LXD - unix socket.
[[0;32m  OK  [0m] Listening on Socket activation for snappy daemon.
[[0;32m  OK  [0m] Started iSCSI initiator daemon (iscsid).
[   19.375022] cloud-init[975]: ci-info: |   1   |   10.0.2.0  | 0.0.0.0  | 255.255.255.0 |   enp0s3  |   U   |
[   19.503395] cloud-init[975]: ci-info: +-------+-------------+----------+---------------+-----------+-------+
         Starting Login to default iSCSI targets...
[[0;32m  OK  [0m] Reached target Sockets.
[[0;32m  OK  [0m] Reached target Basic System.
         Starting Apply the settings specified in cloud-config...
[[0;32m  OK  [0m] Started Deferred execution scheduler.
         Starting System Logging Service...
[[0;32m  OK  [0m] Started ACPI event daemon.
         Starting Accounts Service...
[[0;32m  OK  [0m] Started Unattended Upgrades Shutdown.
[[0;32m  OK  [0m] Started D-Bus System Message Bus.
         Starting Snappy daemon...
         Starting /etc/rc.local Compatibility...
         Starting Login Service...
         Starting LSB: Record successful boot for GRUB...
[[0;32m  OK  [0m] Started Regular background program processing daemon.
         Starting OpenBSD Secure Shell server...
[[0;32m  OK  [0m] Started FUSE filesystem for LXC.
         Starting LSB: MD monitoring daemon...
         Starting LXD - container startup/shutdown...
[[0;32m  OK  [0m] Started System Logging Service.
[[0;32m  OK  [0m] Started /etc/rc.local Compatibility.
[[0;32m  OK  [0m] Started OpenBSD Secure Shell server.
[[0;32m  OK  [0m] Started Login to default iSCSI targets.
[[0;32m  OK  [0m] Started LXD - container startup/shutdown.
[[0;32m  OK  [0m] Started Snappy daemon.
[[0;32m  OK  [0m] Started LSB: Record successful boot for GRUB.
[[0;32m  OK  [0m] Started LSB: MD monitoring daemon.
         Starting Authenticate and Authorize Users to Run Privileged Tasks...
         Starting Auto import assertions from block devices...
[[0;32m  OK  [0m] Reached target Remote File Systems (Pre).
[[0;32m  OK  [0m] Reached target Remote File Systems.
         Starting LSB: Set the CPU Frequency Scaling governor to "ondemand"...
         Starting LSB: daemon to balance interrupts for SMP systems...
         Starting LSB: VirtualBox Linux Additions...
         Starting LSB: automatic crash report generation...
         Starting Permit User Sessions...
[   20.671516] cloud-init[1036]: Cloud-init v. 0.7.9 running 'modules:config' at Sat, 03 Feb 2018 23:44:31 +0000. Up 20.50 seconds.
[[0;32m  OK  [0m] Started Auto import assertions from block devices.
[[0;32m  OK  [0m] Started Permit User Sessions.
[[0;32m  OK  [0m] Started Apply the settings specified in cloud-config.
[[0;32m  OK  [0m] Started Login Service.
[[0;32m  OK  [0m] Started Authenticate and Authorize Users to Run Privileged Tasks.
[[0;32m  OK  [0m] Started Accounts Service.
[[0;32m  OK  [0m] Started LSB: Set the CPU Frequency Scaling governor to "ondemand".
         Starting Hold until boot process finishes up...
         Starting Terminate Plymouth Boot Screen...
[[0;32m  OK  [0m] Started LSB: daemon to balance interrupts for SMP systems.
[[0;32m  OK  [0m] Started LSB: VirtualBox Linux Additions.
[[0;32m  OK  [0m] Started LSB: automatic crash report generation.
[[0;32m  OK  [0m] Started Hold until boot process finishes up.
[[0;32m  OK  [0m] Started Terminate Plymouth Boot Screen.
[[0;32m  OK  [0m] Started Getty on tty1.
[[0;32m  OK  [0m] Started Serial Getty on ttyS0.
[[0;32m  OK  [0m] Reached target Login Prompts.
         Starting Set console scheme...
[[0;32m  OK  [0m] Reached target Multi-User System.
[[0;32m  OK  [0m] Reached target Graphical Interface.
         Starting Execute cloud user/final scripts...
         Starting Update UTMP about System Runlevel Changes...
[[0;32m  OK  [0m] Started Set console scheme.
[[0;32m  OK  [0m] Started Update UTMP about System Runlevel Changes.
[   21.623051] cloud-init[1215]: Cloud-init v. 0.7.9 running 'modules:final' at Sat, 03 Feb 2018 23:44:32 +0000. Up 21.47 seconds.
[   21.736761] [cloud-init[0;32m  OK  [0m[1215]: ] Cloud-init v. 0.7.9 finished at Sat, 03 Feb 2018 23:44:32 +0000. Datasource DataSourceNoCloud [seed=/dev/sdb][dsmode=net].  Up 21.61 secondsStarted Execute cloud user/final scripts.

[[0;32m  OK  [0m] Reached target Cloud-init target.

Ubuntu 16.04.3 LTS ubuntu-xenial ttyS0

ubuntu-xenial login: 